<?xml version="1.0" encoding="UTF-8"?>
<testng-results skipped="0" failed="1" ignored="0" total="5" passed="4">
  <reporter-output>
  </reporter-output>
  <suite name="Default suite" duration-ms="420" started-at="2017-12-19T19:40:40Z" finished-at="2017-12-19T19:40:40Z">
    <groups>
    </groups>
    <test name="Default test" duration-ms="420" started-at="2017-12-19T19:40:40Z" finished-at="2017-12-19T19:40:40Z">
      <class name="services.github.tests.ProcessSeachResultsTests">
        <test-method status="PASS" signature="injectDoubles()[pri:0, instance:services.github.tests.ProcessSeachResultsTests@6767c1fc]" name="injectDoubles" is-config="true" duration-ms="299" started-at="2017-12-19T17:40:40Z" finished-at="2017-12-19T17:40:40Z">
          <reporter-output>
          </reporter-output>
        </test-method> <!-- injectDoubles -->
        <test-method status="PASS" signature="shouldCheckForInvalidParameters()[pri:0, instance:services.github.tests.ProcessSeachResultsTests@6767c1fc]" name="shouldCheckForInvalidParameters" duration-ms="9" started-at="2017-12-19T17:40:40Z" finished-at="2017-12-19T17:40:40Z">
          <reporter-output>
          </reporter-output>
        </test-method> <!-- shouldCheckForInvalidParameters -->
        <test-method status="PASS" signature="injectDoubles()[pri:0, instance:services.github.tests.ProcessSeachResultsTests@6767c1fc]" name="injectDoubles" is-config="true" duration-ms="3" started-at="2017-12-19T17:40:40Z" finished-at="2017-12-19T17:40:40Z">
          <reporter-output>
          </reporter-output>
        </test-method> <!-- injectDoubles -->
        <test-method status="PASS" signature="shouldCheckForLatestReleaseFromTag()[pri:0, instance:services.github.tests.ProcessSeachResultsTests@6767c1fc]" name="shouldCheckForLatestReleaseFromTag" duration-ms="38" started-at="2017-12-19T17:40:40Z" finished-at="2017-12-19T17:40:40Z">
          <reporter-output>
          </reporter-output>
        </test-method> <!-- shouldCheckForLatestReleaseFromTag -->
        <test-method status="PASS" signature="injectDoubles()[pri:0, instance:services.github.tests.ProcessSeachResultsTests@6767c1fc]" name="injectDoubles" is-config="true" duration-ms="2" started-at="2017-12-19T17:40:40Z" finished-at="2017-12-19T17:40:40Z">
          <reporter-output>
          </reporter-output>
        </test-method> <!-- injectDoubles -->
        <test-method status="FAIL" signature="shouldCheckForOlderReleaseFromTag()[pri:0, instance:services.github.tests.ProcessSeachResultsTests@6767c1fc]" name="shouldCheckForOlderReleaseFromTag" duration-ms="4" started-at="2017-12-19T17:40:40Z" finished-at="2017-12-19T17:40:40Z">
          <exception class="java.lang.AssertionError">
            <message>
              <![CDATA[expected [true] but found [false]]]>
            </message>
            <full-stacktrace>
              <![CDATA[java.lang.AssertionError: expected [true] but found [false]
	at org.testng.Assert.fail(Assert.java:93)
	at org.testng.Assert.failNotEquals(Assert.java:512)
	at org.testng.Assert.assertTrue(Assert.java:41)
	at org.testng.Assert.assertTrue(Assert.java:51)
	at services.github.tests.ProcessSeachResultsTests.shouldCheckForOlderReleaseFromTag(ProcessSeachResultsTests.java:194)
	at sun.reflect.NativeMethodAccessorImpl.invoke0(Native Method)
	at sun.reflect.NativeMethodAccessorImpl.invoke(NativeMethodAccessorImpl.java:62)
	at sun.reflect.DelegatingMethodAccessorImpl.invoke(DelegatingMethodAccessorImpl.java:43)
	at java.lang.reflect.Method.invoke(Method.java:483)
	at org.testng.internal.MethodInvocationHelper.invokeMethod(MethodInvocationHelper.java:108)
	at org.testng.internal.Invoker.invokeMethod(Invoker.java:661)
	at org.testng.internal.Invoker.invokeTestMethod(Invoker.java:869)
	at org.testng.internal.Invoker.invokeTestMethods(Invoker.java:1193)
	at org.testng.internal.TestMethodWorker.invokeTestMethods(TestMethodWorker.java:126)
	at org.testng.internal.TestMethodWorker.run(TestMethodWorker.java:109)
	at org.testng.TestRunner.privateRun(TestRunner.java:744)
	at org.testng.TestRunner.run(TestRunner.java:602)
	at org.testng.SuiteRunner.runTest(SuiteRunner.java:380)
	at org.testng.SuiteRunner.runSequentially(SuiteRunner.java:375)
	at org.testng.SuiteRunner.privateRun(SuiteRunner.java:340)
	at org.testng.SuiteRunner.run(SuiteRunner.java:289)
	at org.testng.SuiteRunnerWorker.runSuite(SuiteRunnerWorker.java:52)
	at org.testng.SuiteRunnerWorker.run(SuiteRunnerWorker.java:86)
	at org.testng.TestNG.runSuitesSequentially(TestNG.java:1301)
	at org.testng.TestNG.runSuitesLocally(TestNG.java:1226)
	at org.testng.TestNG.runSuites(TestNG.java:1144)
	at org.testng.TestNG.run(TestNG.java:1115)
	at org.testng.remote.AbstractRemoteTestNG.run(AbstractRemoteTestNG.java:114)
	at org.testng.remote.RemoteTestNG.initAndRun(RemoteTestNG.java:251)
	at org.testng.remote.RemoteTestNG.main(RemoteTestNG.java:77)
]]>
            </full-stacktrace>
          </exception> <!-- java.lang.AssertionError -->
          <reporter-output>
          </reporter-output>
        </test-method> <!-- shouldCheckForOlderReleaseFromTag -->
        <test-method status="PASS" signature="injectDoubles()[pri:0, instance:services.github.tests.ProcessSeachResultsTests@6767c1fc]" name="injectDoubles" is-config="true" duration-ms="1" started-at="2017-12-19T17:40:40Z" finished-at="2017-12-19T17:40:40Z">
          <reporter-output>
          </reporter-output>
        </test-method> <!-- injectDoubles -->
        <test-method status="PASS" signature="shouldCheckForRepositoriesExistence()[pri:0, instance:services.github.tests.ProcessSeachResultsTests@6767c1fc]" name="shouldCheckForRepositoriesExistence" duration-ms="3" started-at="2017-12-19T17:40:40Z" finished-at="2017-12-19T17:40:40Z">
          <reporter-output>
          </reporter-output>
        </test-method> <!-- shouldCheckForRepositoriesExistence -->
        <test-method status="PASS" signature="injectDoubles()[pri:0, instance:services.github.tests.ProcessSeachResultsTests@6767c1fc]" name="injectDoubles" is-config="true" duration-ms="11" started-at="2017-12-19T17:40:40Z" finished-at="2017-12-19T17:40:40Z">
          <reporter-output>
          </reporter-output>
        </test-method> <!-- injectDoubles -->
        <test-method status="PASS" signature="shouldCheckForUnpublishedRepository()[pri:0, instance:services.github.tests.ProcessSeachResultsTests@6767c1fc]" name="shouldCheckForUnpublishedRepository" duration-ms="3" started-at="2017-12-19T17:40:40Z" finished-at="2017-12-19T17:40:40Z">
          <reporter-output>
          </reporter-output>
        </test-method> <!-- shouldCheckForUnpublishedRepository -->
      </class> <!-- services.github.tests.ProcessSeachResultsTests -->
    </test> <!-- Default test -->
  </suite> <!-- Default suite -->
</testng-results>
